<?xml version="1.0" encoding="UTF-8"?>
<testng-results ignored="0" total="1" passed="1" failed="0" skipped="0">
  <reporter-output>
  </reporter-output>
  <suite started-at="2023-06-19T11:42:37 IST" name="Default suite" finished-at="2023-06-19T11:42:52 IST" duration-ms="14578">
    <groups>
    </groups>
    <test started-at="2023-06-19T11:42:37 IST" name="Default test" finished-at="2023-06-19T11:42:52 IST" duration-ms="14578">
      <class name="practice.launch">
        <test-method signature="add()[pri:0, instance:practice.launch@5ace1ed4]" started-at="2023-06-19T11:42:37 IST" name="add" finished-at="2023-06-19T11:42:52 IST" duration-ms="14537" status="PASS">
          <reporter-output>
          </reporter-output>
        </test-method> <!-- add -->
      </class> <!-- practice.launch -->
    </test> <!-- Default test -->
  </suite> <!-- Default suite -->
</testng-results>
